2025-07-06 13:45:02 [main] INFO  at.technikum.studentmanagementsystem2.Main - App has started
2025-07-06 13:45:03 [JavaFX-Launcher] INFO  org.springframework.boot.SpringApplication - Starting application using Java 23.0.1 with PID 1008 (started by patri in C:\Users\patri\Desktop\TourPlanner)
2025-07-06 13:45:03 [JavaFX-Launcher] INFO  org.springframework.boot.SpringApplication - No active profile set, falling back to 1 default profile: "default"
2025-07-06 13:45:04 [JavaFX-Launcher] INFO  org.springframework.data.repository.config.RepositoryConfigurationDelegate - Bootstrapping Spring Data JPA repositories in DEFAULT mode.
2025-07-06 13:45:04 [JavaFX-Launcher] INFO  org.springframework.data.repository.config.RepositoryConfigurationDelegate - Finished Spring Data repository scanning in 194 ms. Found 2 JPA repository interfaces.
2025-07-06 13:45:04 [JavaFX-Launcher] INFO  org.hibernate.jpa.internal.util.LogHelper - HHH000204: Processing PersistenceUnitInfo [name: default]
2025-07-06 13:45:04 [JavaFX-Launcher] INFO  org.hibernate.Version - HHH000412: Hibernate ORM core version [WORKING]
2025-07-06 13:45:04 [JavaFX-Launcher] INFO  org.hibernate.cache.internal.RegionFactoryInitiator - HHH000026: Second-level cache disabled
2025-07-06 13:45:05 [JavaFX-Launcher] INFO  org.springframework.orm.jpa.persistenceunit.SpringPersistenceUnitInfo - No LoadTimeWeaver setup: ignoring JPA class transformer
2025-07-06 13:45:05 [JavaFX-Launcher] INFO  com.zaxxer.hikari.HikariDataSource - HikariPool-1 - Starting...
2025-07-06 13:45:05 [JavaFX-Launcher] INFO  com.zaxxer.hikari.pool.HikariPool - HikariPool-1 - Added connection org.postgresql.jdbc.PgConnection@58ff53c5
2025-07-06 13:45:05 [JavaFX-Launcher] INFO  com.zaxxer.hikari.HikariDataSource - HikariPool-1 - Start completed.
2025-07-06 13:45:05 [JavaFX-Launcher] INFO  org.hibernate.engine.transaction.jta.platform.internal.JtaPlatformInitiator - HHH000489: No JTA platform available (set 'hibernate.transaction.jta.platform' to enable JTA platform integration)
2025-07-06 13:45:05 [JavaFX-Launcher] INFO  org.springframework.orm.jpa.LocalContainerEntityManagerFactoryBean - Initialized JPA EntityManagerFactory for persistence unit 'default'
2025-07-06 13:45:06 [JavaFX-Launcher] INFO  org.springframework.boot.actuate.endpoint.web.EndpointLinksResolver - Exposing 1 endpoint(s) beneath base path '/actuator'
2025-07-06 13:45:07 [JavaFX-Launcher] INFO  org.springframework.boot.web.embedded.netty.NettyWebServer - Netty started on port 8080
2025-07-06 13:45:07 [JavaFX-Launcher] INFO  org.springframework.boot.SpringApplication - Started application in 4.004 seconds (process running for 5.843)
2025-07-06 13:45:07 [JavaFX Application Thread] INFO  at.technikum.studentmanagementsystem2.service.TourService - Fetching all tours
2025-07-06 13:45:24 [SpringApplicationShutdownHook] INFO  org.springframework.orm.jpa.LocalContainerEntityManagerFactoryBean - Closing JPA EntityManagerFactory for persistence unit 'default'
2025-07-06 13:45:24 [SpringApplicationShutdownHook] INFO  com.zaxxer.hikari.HikariDataSource - HikariPool-1 - Shutdown initiated...
2025-07-06 13:45:24 [SpringApplicationShutdownHook] INFO  com.zaxxer.hikari.HikariDataSource - HikariPool-1 - Shutdown completed.
2025-07-06 13:45:48 [main] INFO  at.technikum.studentmanagementsystem2.Main - App has started
2025-07-06 13:45:48 [JavaFX-Launcher] INFO  org.springframework.boot.SpringApplication - Starting application using Java 23.0.1 with PID 28040 (started by patri in C:\Users\patri\Desktop\TourPlanner)
2025-07-06 13:45:48 [JavaFX-Launcher] INFO  org.springframework.boot.SpringApplication - No active profile set, falling back to 1 default profile: "default"
2025-07-06 13:45:49 [JavaFX-Launcher] INFO  org.springframework.data.repository.config.RepositoryConfigurationDelegate - Bootstrapping Spring Data JPA repositories in DEFAULT mode.
2025-07-06 13:45:49 [JavaFX-Launcher] INFO  org.springframework.data.repository.config.RepositoryConfigurationDelegate - Finished Spring Data repository scanning in 152 ms. Found 2 JPA repository interfaces.
2025-07-06 13:45:50 [JavaFX-Launcher] INFO  org.hibernate.jpa.internal.util.LogHelper - HHH000204: Processing PersistenceUnitInfo [name: default]
2025-07-06 13:45:50 [JavaFX-Launcher] INFO  org.hibernate.Version - HHH000412: Hibernate ORM core version [WORKING]
2025-07-06 13:45:50 [JavaFX-Launcher] INFO  org.hibernate.cache.internal.RegionFactoryInitiator - HHH000026: Second-level cache disabled
2025-07-06 13:45:50 [JavaFX-Launcher] INFO  org.springframework.orm.jpa.persistenceunit.SpringPersistenceUnitInfo - No LoadTimeWeaver setup: ignoring JPA class transformer
2025-07-06 13:45:50 [JavaFX-Launcher] INFO  com.zaxxer.hikari.HikariDataSource - HikariPool-1 - Starting...
2025-07-06 13:45:50 [JavaFX-Launcher] INFO  com.zaxxer.hikari.pool.HikariPool - HikariPool-1 - Added connection org.postgresql.jdbc.PgConnection@53df0aa
2025-07-06 13:45:50 [JavaFX-Launcher] INFO  com.zaxxer.hikari.HikariDataSource - HikariPool-1 - Start completed.
2025-07-06 13:45:50 [JavaFX-Launcher] INFO  org.hibernate.engine.transaction.jta.platform.internal.JtaPlatformInitiator - HHH000489: No JTA platform available (set 'hibernate.transaction.jta.platform' to enable JTA platform integration)
2025-07-06 13:45:50 [JavaFX-Launcher] INFO  org.springframework.orm.jpa.LocalContainerEntityManagerFactoryBean - Initialized JPA EntityManagerFactory for persistence unit 'default'
2025-07-06 13:45:51 [JavaFX-Launcher] INFO  org.springframework.boot.actuate.endpoint.web.EndpointLinksResolver - Exposing 1 endpoint(s) beneath base path '/actuator'
2025-07-06 13:45:51 [JavaFX-Launcher] INFO  org.springframework.boot.web.embedded.netty.NettyWebServer - Netty started on port 8080
2025-07-06 13:45:51 [JavaFX-Launcher] INFO  org.springframework.boot.SpringApplication - Started application in 3.185 seconds (process running for 4.344)
2025-07-06 13:45:51 [JavaFX Application Thread] INFO  at.technikum.studentmanagementsystem2.service.TourService - Fetching all tours
2025-07-06 13:53:00 [JavaFX Application Thread] INFO  at.technikum.studentmanagementsystem2.service.TourLogService - Fetching logs for tour ID: 6aa1e204-c89a-4ae7-9449-e94402e71b08
2025-07-06 13:53:00 [JavaFX Application Thread] INFO  at.technikum.studentmanagementsystem2.service.TourLogService - Fetching logs for tour ID: 6aa1e204-c89a-4ae7-9449-e94402e71b08
2025-07-06 14:30:30 [JavaFX Application Thread] INFO  at.technikum.studentmanagementsystem2.service.TourService - Fetching all tours
2025-07-06 14:30:30 [JavaFX Application Thread] INFO  at.technikum.studentmanagementsystem2.service.TourReportService - Generating summary report for all tours...
2025-07-06 14:30:30 [JavaFX Application Thread] INFO  at.technikum.studentmanagementsystem2.service.TourLogService - Fetching logs for tour ID: 6aa1e204-c89a-4ae7-9449-e94402e71b08
2025-07-06 14:30:30 [JavaFX Application Thread] INFO  at.technikum.studentmanagementsystem2.service.TourLogService - Fetching logs for tour ID: 62eb3c5b-8e16-4504-ac5b-abf87ebfb485
2025-07-06 14:30:30 [JavaFX Application Thread] INFO  at.technikum.studentmanagementsystem2.service.TourReportService - Summary report saved to: C:\Users\patri\Desktop\TourPlanner\reports\summary_report_20250706_143030.pdf
2025-07-06 14:30:34 [JavaFX Application Thread] INFO  at.technikum.studentmanagementsystem2.service.TourLogService - Fetching logs for tour ID: 6aa1e204-c89a-4ae7-9449-e94402e71b08
2025-07-06 14:31:57 [JavaFX Application Thread] INFO  at.technikum.studentmanagementsystem2.service.TourLogService - Fetching logs for tour ID: 6aa1e204-c89a-4ae7-9449-e94402e71b08
2025-07-06 14:31:57 [JavaFX Application Thread] INFO  at.technikum.studentmanagementsystem2.service.TourJsonService - Ensured export folder exists: exports
2025-07-06 14:31:57 [JavaFX Application Thread] INFO  at.technikum.studentmanagementsystem2.service.TourJsonService - Exported tour 'a' to file: C:\Users\patri\Desktop\TourPlanner\exports\6aa1e204-c89a-4ae7-9449-e94402e71b08_20250706_143157_export.json
2025-07-06 14:33:01 [JavaFX Application Thread] INFO  at.technikum.studentmanagementsystem2.service.TourLogService - Fetching logs for tour ID: 62eb3c5b-8e16-4504-ac5b-abf87ebfb485
2025-07-06 14:33:01 [JavaFX Application Thread] INFO  at.technikum.studentmanagementsystem2.service.TourLogService - Fetching logs for tour ID: 62eb3c5b-8e16-4504-ac5b-abf87ebfb485
2025-07-06 14:33:02 [JavaFX Application Thread] INFO  at.technikum.studentmanagementsystem2.service.TourLogService - Fetching logs for tour ID: 6aa1e204-c89a-4ae7-9449-e94402e71b08
2025-07-06 14:33:02 [JavaFX Application Thread] INFO  at.technikum.studentmanagementsystem2.service.TourLogService - Fetching logs for tour ID: 6aa1e204-c89a-4ae7-9449-e94402e71b08
2025-07-06 14:33:02 [JavaFX Application Thread] INFO  at.technikum.studentmanagementsystem2.service.TourLogService - Fetching logs for tour ID: 6aa1e204-c89a-4ae7-9449-e94402e71b08
2025-07-06 14:33:03 [JavaFX Application Thread] INFO  at.technikum.studentmanagementsystem2.service.TourLogService - Fetching logs for tour ID: 62eb3c5b-8e16-4504-ac5b-abf87ebfb485
2025-07-06 14:33:03 [JavaFX Application Thread] INFO  at.technikum.studentmanagementsystem2.service.TourLogService - Fetching logs for tour ID: 62eb3c5b-8e16-4504-ac5b-abf87ebfb485
2025-07-06 14:33:03 [JavaFX Application Thread] INFO  at.technikum.studentmanagementsystem2.service.TourLogService - Fetching logs for tour ID: 6aa1e204-c89a-4ae7-9449-e94402e71b08
2025-07-06 14:33:03 [JavaFX Application Thread] INFO  at.technikum.studentmanagementsystem2.service.TourLogService - Fetching logs for tour ID: 6aa1e204-c89a-4ae7-9449-e94402e71b08
2025-07-06 14:33:07 [JavaFX Application Thread] INFO  at.technikum.studentmanagementsystem2.service.TourLogService - Fetching logs for tour ID: 6aa1e204-c89a-4ae7-9449-e94402e71b08
2025-07-06 14:33:07 [JavaFX Application Thread] INFO  at.technikum.studentmanagementsystem2.service.TourReportService - Generating tour report PDF for: a
2025-07-06 14:33:07 [JavaFX Application Thread] INFO  at.technikum.studentmanagementsystem2.service.TourReportService - Tour report saved to: C:\Users\patri\Desktop\TourPlanner\reports\tour_6aa1e204-c89a-4ae7-9449-e94402e71b08_20250706_143307_report.pdf
2025-07-06 14:33:09 [JavaFX Application Thread] INFO  at.technikum.studentmanagementsystem2.service.TourLogService - Fetching logs for tour ID: 6aa1e204-c89a-4ae7-9449-e94402e71b08
2025-07-06 14:33:09 [JavaFX Application Thread] INFO  at.technikum.studentmanagementsystem2.service.TourJsonService - Ensured export folder exists: exports
2025-07-06 14:33:09 [JavaFX Application Thread] INFO  at.technikum.studentmanagementsystem2.service.TourJsonService - Exported tour 'a' to file: C:\Users\patri\Desktop\TourPlanner\exports\6aa1e204-c89a-4ae7-9449-e94402e71b08_20250706_143309_export.json
2025-07-06 14:33:16 [JavaFX Application Thread] INFO  at.technikum.studentmanagementsystem2.service.TourService - Fetching all tours
2025-07-06 14:33:16 [JavaFX Application Thread] INFO  at.technikum.studentmanagementsystem2.service.TourReportService - Generating summary report for all tours...
2025-07-06 14:33:16 [JavaFX Application Thread] INFO  at.technikum.studentmanagementsystem2.service.TourLogService - Fetching logs for tour ID: 6aa1e204-c89a-4ae7-9449-e94402e71b08
2025-07-06 14:33:16 [JavaFX Application Thread] INFO  at.technikum.studentmanagementsystem2.service.TourLogService - Fetching logs for tour ID: 62eb3c5b-8e16-4504-ac5b-abf87ebfb485
2025-07-06 14:33:16 [JavaFX Application Thread] INFO  at.technikum.studentmanagementsystem2.service.TourReportService - Summary report saved to: C:\Users\patri\Desktop\TourPlanner\reports\summary_report_20250706_143316.pdf
2025-07-06 14:38:24 [SpringApplicationShutdownHook] INFO  org.springframework.orm.jpa.LocalContainerEntityManagerFactoryBean - Closing JPA EntityManagerFactory for persistence unit 'default'
2025-07-06 14:38:24 [SpringApplicationShutdownHook] INFO  com.zaxxer.hikari.HikariDataSource - HikariPool-1 - Shutdown initiated...
2025-07-06 14:38:24 [SpringApplicationShutdownHook] INFO  com.zaxxer.hikari.HikariDataSource - HikariPool-1 - Shutdown completed.
